<?xml version="1.0" encoding="UTF-8"?>
<testsuite xmlns:xsi="http://www.w3.org/2001/XMLSchema-instance" xsi:noNamespaceSchemaLocation="https://maven.apache.org/surefire/maven-surefire-plugin/xsd/surefire-test-report-3.0.xsd" version="3.0" name="com.upiiz.Practica1.Practica1ApplicationTests" time="8.43" tests="1" errors="0" skipped="0" failures="0">
  <properties>
[...]
</properties>
  <testcase name="contextLoads" classname="com.upiiz.Practica1.Practica1ApplicationTests" time="1.701">
    <system-out><![CDATA[11:28:20.104 [main] INFO org.springframework.test.context.support.AnnotationConfigContextLoaderUtils -- Could not detect default configuration classes for test class [com.upiiz.Practica1.Practica1ApplicationTests]: Practica1ApplicationTests does not declare any static, non-private, non-final, nested classes annotated with @Configuration.
11:28:20.307 [main] INFO org.springframework.boot.test.context.SpringBootTestContextBootstrapper -- Found @SpringBootConfiguration com.upiiz.Practica1.Practica1Application for test class com.upiiz.Practica1.Practica1ApplicationTests
11:28:20.588 [main] INFO org.springframework.boot.devtools.restart.RestartApplicationListener -- Restart disabled due to context in which it is running

  .   ____          _            __ _ _
 /\\ / ___'_ __ _ _(_)_ __  __ _ \ \ \ \
( ( )\___ | '_ | '_| | '_ \/ _` | \ \ \ \
 \\/  ___)| |_)| | | | | || (_| |  ) ) ) )
  '  |____| .__|_| |_|_| |_\__, | / / / /
 =========|_|==============|___/=/_/_/_/

 :: Spring Boot ::                (v3.3.4)

2024-10-21T11:28:21.104-06:00  INFO 10732 --- [Practica1] [           main] c.u.Practica1.Practica1ApplicationTests  : Starting Practica1ApplicationTests using Java 23 with PID 10732 (started by jesmi in C:\Users\jesmi\Desktop\Proyectos-software\WCBDF_JMHG_Practica1)
2024-10-21T11:28:21.104-06:00  INFO 10732 --- [Practica1] [           main] c.u.Practica1.Practica1ApplicationTests  : No active profile set, falling back to 1 default profile: "default"
2024-10-21T11:28:22.502-06:00  INFO 10732 --- [Practica1] [           main] .s.d.r.c.RepositoryConfigurationDelegate : Multiple Spring Data modules found, entering strict repository configuration mode
2024-10-21T11:28:22.502-06:00  INFO 10732 --- [Practica1] [           main] .s.d.r.c.RepositoryConfigurationDelegate : Bootstrapping Spring Data Reactive MongoDB repositories in DEFAULT mode.
2024-10-21T11:28:22.737-06:00  INFO 10732 --- [Practica1] [           main] .s.d.r.c.RepositoryConfigurationDelegate : Finished Spring Data repository scanning in 224 ms. Found 0 Reactive MongoDB repository interfaces.
2024-10-21T11:28:22.752-06:00  INFO 10732 --- [Practica1] [           main] .s.d.r.c.RepositoryConfigurationDelegate : Multiple Spring Data modules found, entering strict repository configuration mode
2024-10-21T11:28:22.752-06:00  INFO 10732 --- [Practica1] [           main] .s.d.r.c.RepositoryConfigurationDelegate : Bootstrapping Spring Data MongoDB repositories in DEFAULT mode.
2024-10-21T11:28:22.799-06:00  INFO 10732 --- [Practica1] [           main] .s.d.r.c.RepositoryConfigurationDelegate : Finished Spring Data repository scanning in 40 ms. Found 7 MongoDB repository interfaces.
2024-10-21T11:28:24.722-06:00  INFO 10732 --- [Practica1] [           main] org.mongodb.driver.client                : MongoClient with metadata {"application": {"name": "prueba"}, "driver": {"name": "mongo-java-driver|sync|spring-boot", "version": "5.0.1"}, "os": {"type": "Windows", "name": "Windows 11", "architecture": "amd64", "version": "10.0"}, "platform": "Java/Oracle Corporation/23+37-2369"} created with settings MongoClientSettings{readPreference=primary, writeConcern=WriteConcern{w=majority, wTimeout=null ms, journal=null}, retryWrites=true, retryReads=true, readConcern=ReadConcern{level=null}, credential=MongoCredential{mechanism=null, userName='dbprueba', source='admin', password=<hidden>, mechanismProperties=<hidden>}, transportSettings=null, commandListeners=[], codecRegistry=ProvidersCodecRegistry{codecProviders=[ValueCodecProvider{}, BsonValueCodecProvider{}, DBRefCodecProvider{}, DBObjectCodecProvider{}, DocumentCodecProvider{}, CollectionCodecProvider{}, IterableCodecProvider{}, MapCodecProvider{}, GeoJsonCodecProvider{}, GridFSFileCodecProvider{}, Jsr310CodecProvider{}, JsonObjectCodecProvider{}, BsonCodecProvider{}, EnumCodecProvider{}, com.mongodb.client.model.mql.ExpressionCodecProvider@28e0e464, com.mongodb.Jep395RecordCodecProvider@1d98daa0, com.mongodb.KotlinCodecProvider@70a898b0]}, loggerSettings=LoggerSettings{maxDocumentLength=1000}, clusterSettings={hosts=[127.0.0.1:27017], srvHost=prueba.6tlh1.mongodb.net, srvServiceName=mongodb, mode=MULTIPLE, requiredClusterType=REPLICA_SET, requiredReplicaSetName='atlas-ejbwn2-shard-0', serverSelector='null', clusterListeners='[]', serverSelectionTimeout='30000 ms', localThreshold='15 ms'}, socketSettings=SocketSettings{connectTimeoutMS=10000, readTimeoutMS=0, receiveBufferSize=0, proxySettings=ProxySettings{host=null, port=null, username=null, password=null}}, heartbeatSocketSettings=SocketSettings{connectTimeoutMS=10000, readTimeoutMS=10000, receiveBufferSize=0, proxySettings=ProxySettings{host=null, port=null, username=null, password=null}}, connectionPoolSettings=ConnectionPoolSettings{maxSize=100, minSize=0, maxWaitTimeMS=120000, maxConnectionLifeTimeMS=0, maxConnectionIdleTimeMS=0, maintenanceInitialDelayMS=0, maintenanceFrequencyMS=60000, connectionPoolListeners=[], maxConnecting=2}, serverSettings=ServerSettings{heartbeatFrequencyMS=10000, minHeartbeatFrequencyMS=500, serverListeners='[]', serverMonitorListeners='[]'}, sslSettings=SslSettings{enabled=true, invalidHostNameAllowed=false, context=null}, applicationName='prueba', compressorList=[], uuidRepresentation=JAVA_LEGACY, serverApi=null, autoEncryptionSettings=null, dnsClient=null, inetAddressResolver=null, contextProvider=null}
2024-10-21T11:28:26.333-06:00  INFO 10732 --- [Practica1] [           main] org.mongodb.driver.client                : MongoClient with metadata {"application": {"name": "prueba"}, "driver": {"name": "mongo-java-driver|reactive-streams|spring-boot", "version": "5.0.1"}, "os": {"type": "Windows", "name": "Windows 11", "architecture": "amd64", "version": "10.0"}, "platform": "Java/Oracle Corporation/23+37-2369"} created with settings MongoClientSettings{readPreference=primary, writeConcern=WriteConcern{w=majority, wTimeout=null ms, journal=null}, retryWrites=true, retryReads=true, readConcern=ReadConcern{level=null}, credential=MongoCredential{mechanism=null, userName='dbprueba', source='admin', password=<hidden>, mechanismProperties=<hidden>}, transportSettings=null, commandListeners=[], codecRegistry=ProvidersCodecRegistry{codecProviders=[ValueCodecProvider{}, BsonValueCodecProvider{}, DBRefCodecProvider{}, DBObjectCodecProvider{}, DocumentCodecProvider{}, CollectionCodecProvider{}, IterableCodecProvider{}, MapCodecProvider{}, GeoJsonCodecProvider{}, GridFSFileCodecProvider{}, Jsr310CodecProvider{}, JsonObjectCodecProvider{}, BsonCodecProvider{}, EnumCodecProvider{}, com.mongodb.client.model.mql.ExpressionCodecProvider@28e0e464, com.mongodb.Jep395RecordCodecProvider@1d98daa0, com.mongodb.KotlinCodecProvider@70a898b0]}, loggerSettings=LoggerSettings{maxDocumentLength=1000}, clusterSettings={hosts=[127.0.0.1:27017], srvHost=prueba.6tlh1.mongodb.net, srvServiceName=mongodb, mode=MULTIPLE, requiredClusterType=REPLICA_SET, requiredReplicaSetName='atlas-ejbwn2-shard-0', serverSelector='null', clusterListeners='[]', serverSelectionTimeout='30000 ms', localThreshold='15 ms'}, socketSettings=SocketSettings{connectTimeoutMS=10000, readTimeoutMS=0, receiveBufferSize=0, proxySettings=ProxySettings{host=null, port=null, username=null, password=null}}, heartbeatSocketSettings=SocketSettings{connectTimeoutMS=10000, readTimeoutMS=10000, receiveBufferSize=0, proxySettings=ProxySettings{host=null, port=null, username=null, password=null}}, connectionPoolSettings=ConnectionPoolSettings{maxSize=100, minSize=0, maxWaitTimeMS=120000, maxConnectionLifeTimeMS=0, maxConnectionIdleTimeMS=0, maintenanceInitialDelayMS=0, maintenanceFrequencyMS=60000, connectionPoolListeners=[], maxConnecting=2}, serverSettings=ServerSettings{heartbeatFrequencyMS=10000, minHeartbeatFrequencyMS=500, serverListeners='[]', serverMonitorListeners='[]'}, sslSettings=SslSettings{enabled=true, invalidHostNameAllowed=false, context=null}, applicationName='prueba', compressorList=[], uuidRepresentation=JAVA_LEGACY, serverApi=null, autoEncryptionSettings=null, dnsClient=null, inetAddressResolver=null, contextProvider=null}
2024-10-21T11:28:26.521-06:00  INFO 10732 --- [Practica1] [           main] c.u.Practica1.Practica1ApplicationTests  : Started Practica1ApplicationTests in 5.948 seconds (process running for 7.83)
2024-10-21T11:28:26.740-06:00  INFO 10732 --- [Practica1] [lh1.mongodb.net] org.mongodb.driver.cluster               : Adding discovered server prueba-shard-00-02.6tlh1.mongodb.net:27017 to client view of cluster
2024-10-21T11:28:26.792-06:00  INFO 10732 --- [Practica1] [lh1.mongodb.net] org.mongodb.driver.cluster               : Adding discovered server prueba-shard-00-01.6tlh1.mongodb.net:27017 to client view of cluster
2024-10-21T11:28:26.808-06:00  INFO 10732 --- [Practica1] [lh1.mongodb.net] org.mongodb.driver.cluster               : Adding discovered server prueba-shard-00-00.6tlh1.mongodb.net:27017 to client view of cluster
2024-10-21T11:28:27.878-06:00  INFO 10732 --- [Practica1] [ngodb.net:27017] org.mongodb.driver.cluster               : Monitor thread successfully connected to server with description ServerDescription{address=prueba-shard-00-01.6tlh1.mongodb.net:27017, type=REPLICA_SET_SECONDARY, state=CONNECTED, ok=true, minWireVersion=0, maxWireVersion=21, maxDocumentSize=16777216, logicalSessionTimeoutMinutes=30, roundTripTimeNanos=602207700, setName='atlas-ejbwn2-shard-0', canonicalAddress=prueba-shard-00-01.6tlh1.mongodb.net:27017, hosts=[prueba-shard-00-00.6tlh1.mongodb.net:27017, prueba-shard-00-02.6tlh1.mongodb.net:27017, prueba-shard-00-01.6tlh1.mongodb.net:27017], passives=[], arbiters=[], primary='prueba-shard-00-02.6tlh1.mongodb.net:27017', tagSet=TagSet{[Tag{name='availabilityZone', value='usw2-az1'}, Tag{name='diskState', value='READY'}, Tag{name='nodeType', value='ELECTABLE'}, Tag{name='provider', value='AWS'}, Tag{name='region', value='US_WEST_2'}, Tag{name='workloadType', value='OPERATIONAL'}]}, electionId=null, setVersion=15, topologyVersion=TopologyVersion{processId=6709850b8f4be416061fa1bd, counter=3}, lastWriteDate=Mon Oct 21 11:28:26 CST 2024, lastUpdateTimeNanos=68588708741600}
2024-10-21T11:28:27.925-06:00  INFO 10732 --- [Practica1] [ngodb.net:27017] org.mongodb.driver.cluster               : Monitor thread successfully connected to server with description ServerDescription{address=prueba-shard-00-00.6tlh1.mongodb.net:27017, type=REPLICA_SET_SECONDARY, state=CONNECTED, ok=true, minWireVersion=0, maxWireVersion=21, maxDocumentSize=16777216, logicalSessionTimeoutMinutes=30, roundTripTimeNanos=664605100, setName='atlas-ejbwn2-shard-0', canonicalAddress=prueba-shard-00-00.6tlh1.mongodb.net:27017, hosts=[prueba-shard-00-00.6tlh1.mongodb.net:27017, prueba-shard-00-02.6tlh1.mongodb.net:27017, prueba-shard-00-01.6tlh1.mongodb.net:27017], passives=[], arbiters=[], primary='prueba-shard-00-02.6tlh1.mongodb.net:27017', tagSet=TagSet{[Tag{name='availabilityZone', value='usw2-az2'}, Tag{name='diskState', value='READY'}, Tag{name='nodeType', value='ELECTABLE'}, Tag{name='provider', value='AWS'}, Tag{name='region', value='US_WEST_2'}, Tag{name='workloadType', value='OPERATIONAL'}]}, electionId=null, setVersion=15, topologyVersion=TopologyVersion{processId=6709845c7af8efa27f5a1bf8, counter=4}, lastWriteDate=Mon Oct 21 11:28:26 CST 2024, lastUpdateTimeNanos=68588771119300}
2024-10-21T11:28:28.035-06:00  INFO 10732 --- [Practica1] [ngodb.net:27017] org.mongodb.driver.cluster               : Monitor thread successfully connected to server with description ServerDescription{address=prueba-shard-00-02.6tlh1.mongodb.net:27017, type=REPLICA_SET_PRIMARY, state=CONNECTED, ok=true, minWireVersion=0, maxWireVersion=21, maxDocumentSize=16777216, logicalSessionTimeoutMinutes=30, roundTripTimeNanos=767347300, setName='atlas-ejbwn2-shard-0', canonicalAddress=prueba-shard-00-02.6tlh1.mongodb.net:27017, hosts=[prueba-shard-00-00.6tlh1.mongodb.net:27017, prueba-shard-00-02.6tlh1.mongodb.net:27017, prueba-shard-00-01.6tlh1.mongodb.net:27017], passives=[], arbiters=[], primary='prueba-shard-00-02.6tlh1.mongodb.net:27017', tagSet=TagSet{[Tag{name='availabilityZone', value='usw2-az3'}, Tag{name='diskState', value='READY'}, Tag{name='nodeType', value='ELECTABLE'}, Tag{name='provider', value='AWS'}, Tag{name='region', value='US_WEST_2'}, Tag{name='workloadType', value='OPERATIONAL'}]}, electionId=7fffffff00000000000000e8, setVersion=15, topologyVersion=TopologyVersion{processId=670984b08d1b4c7282705483, counter=6}, lastWriteDate=Mon Oct 21 11:28:26 CST 2024, lastUpdateTimeNanos=68588873944100}
2024-10-21T11:28:28.035-06:00  INFO 10732 --- [Practica1] [ngodb.net:27017] org.mongodb.driver.cluster               : Discovered replica set primary prueba-shard-00-02.6tlh1.mongodb.net:27017 with max election id 7fffffff00000000000000e8 and max set version 15
]]></system-out>
    <system-err><![CDATA[WARNING: A Java agent has been loaded dynamically (C:\Users\jesmi\.m2\repository\net\bytebuddy\byte-buddy-agent\1.14.19\byte-buddy-agent-1.14.19.jar)
WARNING: If a serviceability tool is in use, please run with -XX:+EnableDynamicAgentLoading to hide this warning
WARNING: If a serviceability tool is not in use, please run with -Djdk.instrument.traceUsage for more information
WARNING: Dynamic loading of agents will be disallowed by default in a future release
]]></system-err>
  </testcase>
</testsuite>